#
# There is insufficient memory for the Java Runtime Environment to continue.
# Native memory allocation (malloc) failed to allocate 1064656 bytes for Chunk::new
# Possible reasons:
#   The system is out of physical RAM or swap space
#   In 32 bit mode, the process size limit was hit
# Possible solutions:
#   Reduce memory load on the system
#   Increase physical memory or swap space
#   Check if swap backing store is full
#   Use 64 bit Java on a 64 bit OS
#   Decrease Java heap size (-Xmx/-Xms)
#   Decrease number of Java threads
#   Decrease Java thread stack sizes (-Xss)
#   Set larger code cache with -XX:ReservedCodeCacheSize=
# This output file may be truncated or incomplete.
#
#  Out of Memory Error (allocation.cpp:390), pid=5932, tid=0x0000000000001c58
#
# JRE version: OpenJDK Runtime Environment (8.0_152-b02) (build 1.8.0_152-release-1024-b02)
# Java VM: OpenJDK 64-Bit Server VM (25.152-b02 mixed mode windows-amd64 compressed oops)
# Failed to write core dump. Minidumps are not enabled by default on client versions of Windows
#

---------------  T H R E A D  ---------------

Current thread (0x00000000188d8000):  JavaThread "C2 CompilerThread0" daemon [_thread_in_native, id=7256, stack(0x0000000019a20000,0x0000000019b20000)]

Stack: [0x0000000019a20000,0x0000000019b20000]
[error occurred during error reporting (printing stack bounds), id 0xc0000005]

Native frames: (J=compiled Java code, j=interpreted, Vv=VM code, C=native code)


Current CompileTask:
C2:  11190 1605       4       java.net.URLClassLoader$1::run (5 bytes)


---------------  P R O C E S S  ---------------

Java Threads: ( => current thread )
  0x000000001a71e000 JavaThread "Cache worker for file hash cache (D:\AndroidJava\Task1-auth_layout\1-auth_layout\.gradle\4.4\fileHashes)" [_thread_blocked, id=11600, stack(0x000000001d130000,0x000000001d230000)]
  0x000000001b141000 JavaThread "File lock request listener" [_thread_in_native, id=9080, stack(0x000000001d030000,0x000000001d130000)]
  0x000000001b213000 JavaThread "Cache worker for file hash cache (C:\Users\ADMIN\.gradle\caches\4.4\fileHashes)" [_thread_blocked, id=1160, stack(0x000000001cf30000,0x000000001d030000)]
  0x000000001b117800 JavaThread "Stdin handler" [_thread_blocked, id=4584, stack(0x000000001cc30000,0x000000001cd30000)]
  0x000000001b102000 JavaThread "Asynchronous log dispatcher for DefaultDaemonConnection: socket connection from /127.0.0.1:61276 to /127.0.0.1:61277" [_thread_blocked, id=1356, stack(0x000000001cb30000,0x000000001cc30000)]
  0x000000001b21b800 JavaThread "Daemon worker" [_thread_in_native, id=10796, stack(0x000000001ca30000,0x000000001cb30000)]
  0x000000001b21a800 JavaThread "Cancel handler" [_thread_blocked, id=6396, stack(0x000000001c930000,0x000000001ca30000)]
  0x000000001b0da000 JavaThread "Handler for socket connection from /127.0.0.1:61276 to /127.0.0.1:61277" [_thread_in_native, id=10048, stack(0x000000001c630000,0x000000001c730000)]
  0x000000001b0d4000 JavaThread "Daemon" [_thread_blocked, id=3256, stack(0x000000001c530000,0x000000001c630000)]
  0x000000001ae82800 JavaThread "Daemon periodic checks" [_thread_blocked, id=8720, stack(0x000000001c430000,0x000000001c530000)]
  0x000000001ae81800 JavaThread "Incoming local TCP Connector on port 61276" [_thread_in_native, id=6608, stack(0x000000001bf30000,0x000000001c030000)]
  0x00000000188de000 JavaThread "Service Thread" daemon [_thread_blocked, id=9496, stack(0x0000000019c20000,0x0000000019d20000)]
  0x00000000188db000 JavaThread "C1 CompilerThread1" daemon [_thread_blocked, id=1816, stack(0x0000000019b20000,0x0000000019c20000)]
=>0x00000000188d8000 JavaThread "C2 CompilerThread0" daemon [_thread_in_native, id=7256, stack(0x0000000019a20000,0x0000000019b20000)]
  0x00000000188d6800 JavaThread "Attach Listener" daemon [_thread_blocked, id=10648, stack(0x0000000019920000,0x0000000019a20000)]
  0x00000000188e2000 JavaThread "Signal Dispatcher" daemon [_thread_blocked, id=7924, stack(0x0000000019820000,0x0000000019920000)]
  0x00000000188c0800 JavaThread "Finalizer" daemon [_thread_blocked, id=9796, stack(0x0000000019520000,0x0000000019620000)]
  0x0000000018895000 JavaThread "Reference Handler" daemon [_thread_blocked, id=272, stack(0x0000000019420000,0x0000000019520000)]
  0x000000000504d800 JavaThread "main" [_thread_blocked, id=2756, stack(0x0000000004f00000,0x0000000005000000)]

Other Threads:
  0x000000001888d000 VMThread [stack: 0x0000000019320000,0x0000000019420000] [id=1732]
  0x00000000188e8000 WatcherThread [stack: 0x0000000019d20000,0x0000000019e20000] [id=8784]

VM state:not at safepoint (normal execution)

VM Mutex/Monitor currently owned by a thread: None

Heap:
 PSYoungGen      total 35328K, used 34786K [0x00000000e0000000, 0x00000000e4d00000, 0x0000000100000000)
  eden space 32768K, 98% used [0x00000000e0000000,0x00000000e1f7ca70,0x00000000e2000000)
  from space 2560K, 99% used [0x00000000e2000000,0x00000000e227c030,0x00000000e2280000)
  to   space 6656K, 0% used [0x00000000e4680000,0x00000000e4680000,0x00000000e4d00000)
 ParOldGen       total 44032K, used 6674K [0x00000000a0000000, 0x00000000a2b00000, 0x00000000e0000000)
  object space 44032K, 15% used [0x00000000a0000000,0x00000000a0684bf0,0x00000000a2b00000)
 Metaspace       used 17513K, capacity 17878K, committed 18048K, reserved 1064960K
  class space    used 2526K, capacity 2657K, committed 2688K, reserved 1048576K

Card table byte_map: [0x0000000014570000,0x0000000014880000] byte_map_base: 0x0000000014070000

Marking Bits: (ParMarkBitMap*) 0x000000005b334970
 Begin Bits: [0x0000000014c80000, 0x0000000016480000)
 End Bits:   [0x0000000016480000, 0x0000000017c80000)

Polling page: 0x0000000000fd0000

CodeCache: size=245760Kb used=5588Kb max_used=5588Kb free=240171Kb
 bounds [0x00000000051b0000, 0x0000000005730000, 0x00000000141b0000]
 total_blobs=1953 nmethods=1576 adapters=291
 compilation: enabled

Compilation events (10 events):
Event: 10.949 Thread 0x00000000188db000 1604       3       com.google.common.cache.LocalCache::expiresAfterAccess (15 bytes)
Event: 10.949 Thread 0x00000000188db000 nmethod 1604 0x0000000005720750 code [0x00000000057208a0, 0x0000000005720a50]
Event: 10.955 Thread 0x00000000188d8000 nmethod 1601 0x0000000005725710 code [0x00000000057258a0, 0x0000000005725cf8]
Event: 10.955 Thread 0x00000000188d8000 1605       4       java.net.URLClassLoader$1::run (5 bytes)
Event: 10.956 Thread 0x00000000188db000 1606       3       java.lang.Enum::<init> (15 bytes)
Event: 10.956 Thread 0x00000000188db000 nmethod 1606 0x0000000005725350 code [0x00000000057254a0, 0x0000000005725670]
Event: 10.967 Thread 0x00000000188db000 1607       1       java.nio.Buffer::capacity (5 bytes)
Event: 10.967 Thread 0x00000000188db000 nmethod 1607 0x0000000005720490 code [0x00000000057205e0, 0x00000000057206f0]
Event: 10.993 Thread 0x00000000188db000 1608       3       java.io.ObjectStreamClass::forClass (52 bytes)
Event: 10.996 Thread 0x00000000188db000 nmethod 1608 0x0000000005729fd0 code [0x000000000572a300, 0x000000000572bf68]

GC Heap History (10 events):
Event: 1.733 GC heap before
{Heap before GC invocations=1 (full 0):
 PSYoungGen      total 18944K, used 16384K [0x00000000e0000000, 0x00000000e1500000, 0x0000000100000000)
  eden space 16384K, 100% used [0x00000000e0000000,0x00000000e1000000,0x00000000e1000000)
  from space 2560K, 0% used [0x00000000e1280000,0x00000000e1280000,0x00000000e1500000)
  to   space 2560K, 0% used [0x00000000e1000000,0x00000000e1000000,0x00000000e1280000)
 ParOldGen       total 44032K, used 0K [0x00000000a0000000, 0x00000000a2b00000, 0x00000000e0000000)
  object space 44032K, 0% used [0x00000000a0000000,0x00000000a0000000,0x00000000a2b00000)
 Metaspace       used 6067K, capacity 6264K, committed 6528K, reserved 1056768K
  class space    used 742K, capacity 813K, committed 896K, reserved 1048576K
Event: 1.741 GC heap after
Heap after GC invocations=1 (full 0):
 PSYoungGen      total 18944K, used 2537K [0x00000000e0000000, 0x00000000e1500000, 0x0000000100000000)
  eden space 16384K, 0% used [0x00000000e0000000,0x00000000e0000000,0x00000000e1000000)
  from space 2560K, 99% used [0x00000000e1000000,0x00000000e127a7e8,0x00000000e1280000)
  to   space 2560K, 0% used [0x00000000e1280000,0x00000000e1280000,0x00000000e1500000)
 ParOldGen       total 44032K, used 353K [0x00000000a0000000, 0x00000000a2b00000, 0x00000000e0000000)
  object space 44032K, 0% used [0x00000000a0000000,0x00000000a0058520,0x00000000a2b00000)
 Metaspace       used 6067K, capacity 6264K, committed 6528K, reserved 1056768K
  class space    used 742K, capacity 813K, committed 896K, reserved 1048576K
}
Event: 2.133 GC heap before
{Heap before GC invocations=2 (full 0):
 PSYoungGen      total 18944K, used 18921K [0x00000000e0000000, 0x00000000e1500000, 0x0000000100000000)
  eden space 16384K, 100% used [0x00000000e0000000,0x00000000e1000000,0x00000000e1000000)
  from space 2560K, 99% used [0x00000000e1000000,0x00000000e127a7e8,0x00000000e1280000)
  to   space 2560K, 0% used [0x00000000e1280000,0x00000000e1280000,0x00000000e1500000)
 ParOldGen       total 44032K, used 353K [0x00000000a0000000, 0x00000000a2b00000, 0x00000000e0000000)
  object space 44032K, 0% used [0x00000000a0000000,0x00000000a0058520,0x00000000a2b00000)
 Metaspace       used 6912K, capacity 7064K, committed 7424K, reserved 1056768K
  class space    used 843K, capacity 909K, committed 1024K, reserved 1048576K
Event: 2.152 GC heap after
Heap after GC invocations=2 (full 0):
 PSYoungGen      total 18944K, used 2553K [0x00000000e0000000, 0x00000000e2500000, 0x0000000100000000)
  eden space 16384K, 0% used [0x00000000e0000000,0x00000000e0000000,0x00000000e1000000)
  from space 2560K, 99% used [0x00000000e1280000,0x00000000e14fe640,0x00000000e1500000)
  to   space 2560K, 0% used [0x00000000e1000000,0x00000000e1000000,0x00000000e1280000)
 ParOldGen       total 44032K, used 353K [0x00000000a0000000, 0x00000000a2b00000, 0x00000000e0000000)
  object space 44032K, 0% used [0x00000000a0000000,0x00000000a0058520,0x00000000a2b00000)
 Metaspace       used 6912K, capacity 7064K, committed 7424K, reserved 1056768K
  class space    used 843K, capacity 909K, committed 1024K, reserved 1048576K
}
Event: 2.472 GC heap before
{Heap before GC invocations=3 (full 0):
 PSYoungGen      total 18944K, used 18937K [0x00000000e0000000, 0x00000000e2500000, 0x0000000100000000)
  eden space 16384K, 100% used [0x00000000e0000000,0x00000000e1000000,0x00000000e1000000)
  from space 2560K, 99% used [0x00000000e1280000,0x00000000e14fe640,0x00000000e1500000)
  to   space 2560K, 0% used [0x00000000e1000000,0x00000000e1000000,0x00000000e1280000)
 ParOldGen       total 44032K, used 353K [0x00000000a0000000, 0x00000000a2b00000, 0x00000000e0000000)
  object space 44032K, 0% used [0x00000000a0000000,0x00000000a0058520,0x00000000a2b00000)
 Metaspace       used 7251K, capacity 7474K, committed 7680K, reserved 1056768K
  class space    used 912K, capacity 982K, committed 1024K, reserved 1048576K
Event: 2.480 GC heap after
Heap after GC invocations=3 (full 0):
 PSYoungGen      total 18944K, used 2544K [0x00000000e0000000, 0x00000000e2500000, 0x0000000100000000)
  eden space 16384K, 0% used [0x00000000e0000000,0x00000000e0000000,0x00000000e1000000)
  from space 2560K, 99% used [0x00000000e1000000,0x00000000e127c030,0x00000000e1280000)
  to   space 2560K, 0% used [0x00000000e2280000,0x00000000e2280000,0x00000000e2500000)
 ParOldGen       total 44032K, used 655K [0x00000000a0000000, 0x00000000a2b00000, 0x00000000e0000000)
  object space 44032K, 1% used [0x00000000a0000000,0x00000000a00a3cd0,0x00000000a2b00000)
 Metaspace       used 7251K, capacity 7474K, committed 7680K, reserved 1056768K
  class space    used 912K, capacity 982K, committed 1024K, reserved 1048576K
}
Event: 4.586 GC heap before
{Heap before GC invocations=4 (full 0):
 PSYoungGen      total 18944K, used 18928K [0x00000000e0000000, 0x00000000e2500000, 0x0000000100000000)
  eden space 16384K, 100% used [0x00000000e0000000,0x00000000e1000000,0x00000000e1000000)
  from space 2560K, 99% used [0x00000000e1000000,0x00000000e127c030,0x00000000e1280000)
  to   space 2560K, 0% used [0x00000000e2280000,0x00000000e2280000,0x00000000e2500000)
 ParOldGen       total 44032K, used 655K [0x00000000a0000000, 0x00000000a2b00000, 0x00000000e0000000)
  object space 44032K, 1% used [0x00000000a0000000,0x00000000a00a3cd0,0x00000000a2b00000)
 Metaspace       used 11548K, capacity 11874K, committed 12160K, reserved 1060864K
  class space    used 1528K, capacity 1635K, committed 1664K, reserved 1048576K
Event: 4.598 GC heap after
Heap after GC invocations=4 (full 0):
 PSYoungGen      total 35328K, used 2544K [0x00000000e0000000, 0x00000000e2500000, 0x0000000100000000)
  eden space 32768K, 0% used [0x00000000e0000000,0x00000000e0000000,0x00000000e2000000)
  from space 2560K, 99% used [0x00000000e2280000,0x00000000e24fc010,0x00000000e2500000)
  to   space 2560K, 0% used [0x00000000e2000000,0x00000000e2000000,0x00000000e2280000)
 ParOldGen       total 44032K, used 2998K [0x00000000a0000000, 0x00000000a2b00000, 0x00000000e0000000)
  object space 44032K, 6% used [0x00000000a0000000,0x00000000a02ed808,0x00000000a2b00000)
 Metaspace       used 11548K, capacity 11874K, committed 12160K, reserved 1060864K
  class space    used 1528K, capacity 1635K, committed 1664K, reserved 1048576K
}
Event: 6.036 GC heap before
{Heap before GC invocations=5 (full 0):
 PSYoungGen      total 35328K, used 35312K [0x00000000e0000000, 0x00000000e2500000, 0x0000000100000000)
  eden space 32768K, 100% used [0x00000000e0000000,0x00000000e2000000,0x00000000e2000000)
  from space 2560K, 99% used [0x00000000e2280000,0x00000000e24fc010,0x00000000e2500000)
  to   space 2560K, 0% used [0x00000000e2000000,0x00000000e2000000,0x00000000e2280000)
 ParOldGen       total 44032K, used 2998K [0x00000000a0000000, 0x00000000a2b00000, 0x00000000e0000000)
  object space 44032K, 6% used [0x00000000a0000000,0x00000000a02ed808,0x00000000a2b00000)
 Metaspace       used 14425K, capacity 14786K, committed 14976K, reserved 1062912K
  class space    used 2015K, capacity 2127K, committed 2176K, reserved 1048576K
Event: 6.052 GC heap after
Heap after GC invocations=5 (full 0):
 PSYoungGen      total 35328K, used 2544K [0x00000000e0000000, 0x00000000e4d00000, 0x0000000100000000)
  eden space 32768K, 0% used [0x00000000e0000000,0x00000000e0000000,0x00000000e2000000)
  from space 2560K, 99% used [0x00000000e2000000,0x00000000e227c030,0x00000000e2280000)
  to   space 6656K, 0% used [0x00000000e4680000,0x00000000e4680000,0x00000000e4d00000)
 ParOldGen       total 44032K, used 6674K [0x00000000a0000000, 0x00000000a2b00000, 0x00000000e0000000)
  object space 44032K, 15% used [0x00000000a0000000,0x00000000a0684bf0,0x00000000a2b00000)
 Metaspace       used 14425K, capacity 14786K, committed 14976K, reserved 1062912K
  class space    used 2015K, capacity 2127K, committed 2176K, reserved 1048576K
}

Deoptimization events (10 events):
Event: 7.764 Thread 0x000000001b21b800 Uncommon trap: reason=unstable_if action=reinterpret pc=0x0000000005474338 method=java.net.URI.match(CJJ)Z @ 19
Event: 8.041 Thread 0x000000001b21b800 Uncommon trap: reason=unstable_if action=reinterpret pc=0x000000000548e2c0 method=java.io.File.getName()Ljava/lang/String; @ 16
Event: 8.972 Thread 0x000000001b21b800 Uncommon trap: reason=bimorphic action=maybe_recompile pc=0x00000000056393a0 method=java.lang.ClassLoader.loadClass(Ljava/lang/String;Z)Ljava/lang/Class; @ 38
Event: 9.052 Thread 0x000000001b21b800 Uncommon trap: reason=bimorphic action=maybe_recompile pc=0x00000000056b44b8 method=java.lang.ClassLoader.getPackage(Ljava/lang/String;)Ljava/lang/Package; @ 47
Event: 9.054 Thread 0x000000001b21b800 Uncommon trap: reason=bimorphic action=maybe_recompile pc=0x00000000056393a0 method=java.lang.ClassLoader.loadClass(Ljava/lang/String;Z)Ljava/lang/Class; @ 38
Event: 9.055 Thread 0x000000001b21b800 Uncommon trap: reason=bimorphic action=maybe_recompile pc=0x00000000056393a0 method=java.lang.ClassLoader.loadClass(Ljava/lang/String;Z)Ljava/lang/Class; @ 38
Event: 9.055 Thread 0x000000001b21b800 Uncommon trap: reason=bimorphic action=maybe_recompile pc=0x00000000056393a0 method=java.lang.ClassLoader.loadClass(Ljava/lang/String;Z)Ljava/lang/Class; @ 38
Event: 9.056 Thread 0x000000001b21b800 Uncommon trap: reason=bimorphic action=maybe_recompile pc=0x00000000056b44b8 method=java.lang.ClassLoader.getPackage(Ljava/lang/String;)Ljava/lang/Package; @ 47
Event: 9.056 Thread 0x000000001b21b800 Uncommon trap: reason=bimorphic action=maybe_recompile pc=0x00000000056b44b8 method=java.lang.ClassLoader.getPackage(Ljava/lang/String;)Ljava/lang/Package; @ 47
Event: 9.060 Thread 0x000000001b21b800 Uncommon trap: reason=bimorphic action=maybe_recompile pc=0x00000000056b44b8 method=java.lang.ClassLoader.getPackage(Ljava/lang/String;)Ljava/lang/Package; @ 47

Classes redefined (0 events):
No events

Internal exceptions (10 events):
Event: 10.921 Thread 0x000000001b21b800 Exception <a 'java/lang/NoSuchMethodError': <clinit>> (0x00000000e1cefae0) thrown at [D:\src\AOSP-openjdk-cygwin\jdk8u\hotspot\src\share\vm\prims\jni.cpp, line 1613]
Event: 10.922 Thread 0x000000001b21b800 Exception <a 'java/lang/NoSuchMethodError': <clinit>> (0x00000000e1cf83a0) thrown at [D:\src\AOSP-openjdk-cygwin\jdk8u\hotspot\src\share\vm\prims\jni.cpp, line 1613]
Event: 10.923 Thread 0x000000001b21b800 Exception <a 'java/lang/NoSuchMethodError': <clinit>> (0x00000000e1d031d0) thrown at [D:\src\AOSP-openjdk-cygwin\jdk8u\hotspot\src\share\vm\prims\jni.cpp, line 1613]
Event: 10.923 Thread 0x000000001b21b800 Exception <a 'java/lang/NoSuchMethodError': <clinit>> (0x00000000e1d0f560) thrown at [D:\src\AOSP-openjdk-cygwin\jdk8u\hotspot\src\share\vm\prims\jni.cpp, line 1613]
Event: 10.924 Thread 0x000000001b21b800 Exception <a 'java/lang/NoSuchMethodError': <clinit>> (0x00000000e1d1f708) thrown at [D:\src\AOSP-openjdk-cygwin\jdk8u\hotspot\src\share\vm\prims\jni.cpp, line 1613]
Event: 10.926 Thread 0x000000001b21b800 Exception <a 'java/lang/NoSuchMethodError': <clinit>> (0x00000000e1d2a4e8) thrown at [D:\src\AOSP-openjdk-cygwin\jdk8u\hotspot\src\share\vm\prims\jni.cpp, line 1613]
Event: 10.928 Thread 0x000000001b21b800 Exception <a 'java/lang/NoSuchMethodError': <clinit>> (0x00000000e1d39870) thrown at [D:\src\AOSP-openjdk-cygwin\jdk8u\hotspot\src\share\vm\prims\jni.cpp, line 1613]
Event: 10.949 Thread 0x000000001b21b800 Exception <a 'java/lang/NoSuchMethodError': <clinit>> (0x00000000e1d89d10) thrown at [D:\src\AOSP-openjdk-cygwin\jdk8u\hotspot\src\share\vm\prims\jni.cpp, line 1613]
Event: 10.949 Thread 0x000000001b21b800 Exception <a 'java/lang/NoSuchMethodError': <clinit>> (0x00000000e1d8d9d0) thrown at [D:\src\AOSP-openjdk-cygwin\jdk8u\hotspot\src\share\vm\prims\jni.cpp, line 1613]
Event: 10.950 Thread 0x000000001b21b800 Exception <a 'java/lang/NoSuchMethodError': <clinit>> (0x00000000e1d8f4d8) thrown at [D:\src\AOSP-openjdk-cygwin\jdk8u\hotspot\src\share\vm\prims\jni.cpp, line 1613]

Events (10 events):
Event: 11.051 loading class org/gradle/api/internal/attributes/AttributesSchemaInternal
Event: 11.051 loading class org/gradle/api/internal/attributes/AttributesSchemaInternal done
Event: 11.064 loading class org/gradle/api/attributes/AttributesSchema
Event: 11.064 loading class org/gradle/api/attributes/AttributesSchema done
Event: 11.064 loading class org/gradle/api/internal/artifacts/dsl/DefaultComponentModuleMetadataHandler
Event: 11.064 loading class org/gradle/api/internal/artifacts/dsl/DefaultComponentModuleMetadataHandler done
Event: 11.073 loading class org/gradle/api/artifacts/dsl/ComponentModuleMetadataHandler
Event: 11.073 loading class org/gradle/api/artifacts/dsl/ComponentModuleMetadataHandler done
Event: 11.073 loading class org/gradle/api/internal/artifacts/ComponentModuleMetadataProcessor
Event: 11.073 loading class org/gradle/api/internal/artifacts/ComponentModuleMetadataProcessor done


Dynamic libraries:
0x00007ff71f530000 - 0x00007ff71f561000 	C:\Program Files\Android\Android Studio\jre\bin\java.exe
0x00007ffa22960000 - 0x00007ffa22b40000 	C:\WINDOWS\SYSTEM32\ntdll.dll
0x00007ffa219a0000 - 0x00007ffa21a4e000 	C:\WINDOWS\System32\KERNEL32.DLL
0x00007ffa1f530000 - 0x00007ffa1f796000 	C:\WINDOWS\System32\KERNELBASE.dll
0x00007ffa222a0000 - 0x00007ffa22341000 	C:\WINDOWS\System32\ADVAPI32.dll
0x00007ffa223e0000 - 0x00007ffa2247d000 	C:\WINDOWS\System32\msvcrt.dll
0x00007ffa20410000 - 0x00007ffa2046b000 	C:\WINDOWS\System32\sechost.dll
0x00007ffa22740000 - 0x00007ffa2285f000 	C:\WINDOWS\System32\RPCRT4.dll
0x00007ffa21cc0000 - 0x00007ffa21e4f000 	C:\WINDOWS\System32\USER32.dll
0x00007ffa1f7a0000 - 0x00007ffa1f7c0000 	C:\WINDOWS\System32\win32u.dll
0x00007ffa20520000 - 0x00007ffa20548000 	C:\WINDOWS\System32\GDI32.dll
0x00007ffa1fb70000 - 0x00007ffa1fd03000 	C:\WINDOWS\System32\gdi32full.dll
0x00007ffa1ed40000 - 0x00007ffa1eddb000 	C:\WINDOWS\System32\msvcp_win.dll
0x00007ffa1fd10000 - 0x00007ffa1fe06000 	C:\WINDOWS\System32\ucrtbase.dll
0x00007ffa15010000 - 0x00007ffa15279000 	C:\WINDOWS\WinSxS\amd64_microsoft.windows.common-controls_6595b64144ccf1df_6.0.16299.492_none_15c8d3609364b9b0\COMCTL32.dll
0x00007ffa20100000 - 0x00007ffa20407000 	C:\WINDOWS\System32\combase.dll
0x00007ffa1f820000 - 0x00007ffa1f892000 	C:\WINDOWS\System32\bcryptPrimitives.dll
0x00007ffa1fe10000 - 0x00007ffa1fe3d000 	C:\WINDOWS\System32\IMM32.DLL
0x000000005aa90000 - 0x000000005ab62000 	C:\Program Files\Android\Android Studio\jre\jre\bin\msvcr100.dll
0x000000005ab70000 - 0x000000005b3af000 	C:\Program Files\Android\Android Studio\jre\jre\bin\server\jvm.dll
0x00007ffa21990000 - 0x00007ffa21998000 	C:\WINDOWS\System32\PSAPI.DLL
0x00007ffa107d0000 - 0x00007ffa107d9000 	C:\WINDOWS\SYSTEM32\WSOCK32.dll
0x00007ffa22370000 - 0x00007ffa223dc000 	C:\WINDOWS\System32\WS2_32.dll
0x00007ffa1cd90000 - 0x00007ffa1cdb3000 	C:\WINDOWS\SYSTEM32\WINMM.dll
0x00007ffa1ac50000 - 0x00007ffa1ac5a000 	C:\WINDOWS\SYSTEM32\VERSION.dll
0x00007ffa1cd30000 - 0x00007ffa1cd5a000 	C:\WINDOWS\SYSTEM32\WINMMBASE.dll
0x00007ffa1fb20000 - 0x00007ffa1fb6a000 	C:\WINDOWS\System32\cfgmgr32.dll
0x00007ffa1b780000 - 0x00007ffa1b78f000 	C:\Program Files\Android\Android Studio\jre\jre\bin\verify.dll
0x00007ffa129f0000 - 0x00007ffa12a19000 	C:\Program Files\Android\Android Studio\jre\jre\bin\java.dll
0x00007ffa132f0000 - 0x00007ffa13306000 	C:\Program Files\Android\Android Studio\jre\jre\bin\zip.dll
0x00007ffa20550000 - 0x00007ffa21988000 	C:\WINDOWS\System32\SHELL32.dll
0x00007ffa20470000 - 0x00007ffa20516000 	C:\WINDOWS\System32\shcore.dll
0x00007ffa1ede0000 - 0x00007ffa1f527000 	C:\WINDOWS\System32\windows.storage.dll
0x00007ffa1ff20000 - 0x00007ffa1ff71000 	C:\WINDOWS\System32\shlwapi.dll
0x00007ffa1ed20000 - 0x00007ffa1ed31000 	C:\WINDOWS\System32\kernel.appcore.dll
0x00007ffa1ec90000 - 0x00007ffa1ecdc000 	C:\WINDOWS\System32\powrprof.dll
0x00007ffa1ece0000 - 0x00007ffa1ecfb000 	C:\WINDOWS\System32\profapi.dll
0x00007ffa132b0000 - 0x00007ffa132ca000 	C:\Program Files\Android\Android Studio\jre\jre\bin\net.dll
0x00007ffa1e4c0000 - 0x00007ffa1e526000 	C:\WINDOWS\system32\mswsock.dll
0x00007ffa129d0000 - 0x00007ffa129e1000 	C:\Program Files\Android\Android Studio\jre\jre\bin\nio.dll
0x00007ffa1b290000 - 0x00007ffa1b2ae000 	C:\Users\ADMIN\.gradle\native\25\windows-amd64\native-platform.dll
0x00007ffa1b260000 - 0x00007ffa1b26d000 	C:\Program Files\Android\Android Studio\jre\jre\bin\management.dll
0x00007ffa1e680000 - 0x00007ffa1e697000 	C:\WINDOWS\SYSTEM32\CRYPTSP.dll
0x00007ffa1e0c0000 - 0x00007ffa1e0f3000 	C:\WINDOWS\system32\rsaenh.dll
0x00007ffa1e790000 - 0x00007ffa1e7b5000 	C:\WINDOWS\SYSTEM32\bcrypt.dll
0x00007ffa1eb90000 - 0x00007ffa1ebb9000 	C:\WINDOWS\SYSTEM32\USERENV.dll
0x00007ffa1e6a0000 - 0x00007ffa1e6ab000 	C:\WINDOWS\SYSTEM32\CRYPTBASE.dll
0x00007ffa1e250000 - 0x00007ffa1e289000 	C:\WINDOWS\SYSTEM32\IPHLPAPI.DLL
0x00007ffa200d0000 - 0x00007ffa200d8000 	C:\WINDOWS\System32\NSI.dll
0x00007ffa18aa0000 - 0x00007ffa18ab6000 	C:\WINDOWS\SYSTEM32\dhcpcsvc6.DLL
0x00007ffa18a80000 - 0x00007ffa18a9a000 	C:\WINDOWS\SYSTEM32\dhcpcsvc.DLL

VM Arguments:
jvm_args: -Xmx1536m -Dfile.encoding=windows-1251 -Duser.country=RU -Duser.language=ru -Duser.variant 
java_command: org.gradle.launcher.daemon.bootstrap.GradleDaemon 4.4
java_class_path (initial): C:\Users\ADMIN\.gradle\wrapper\dists\gradle-4.4-all\9br9xq1tocpiv8o6njlyu5op1\gradle-4.4\lib\gradle-launcher-4.4.jar
Launcher Type: SUN_STANDARD

Environment Variables:
PATH=C:\ProgramData\Oracle\Java\javapath;C:\WINDOWS\system32;C:\WINDOWS;C:\WINDOWS\System32\Wbem;C:\WINDOWS\System32\WindowsPowerShell\v1.0\;C:\Program Files\Git\cmd;C:\Program Files (x86)\Skype\Phone\;C:\Users\ADMIN\AppData\Local\Microsoft\WindowsApps;
USERNAME=ADMIN
OS=Windows_NT
PROCESSOR_IDENTIFIER=Intel64 Family 6 Model 15 Stepping 11, GenuineIntel



---------------  S Y S T E M  ---------------

OS: Windows 10.0 , 64 bit Build 16299 (10.0.16299.431)

CPU:total 2 (initial active 2) (2 cores per cpu, 1 threads per core) family 6 model 15 stepping 11, cmov, cx8, fxsr, mmx, sse, sse2, sse3, ssse3, tsc

Memory: 4k page, physical 4193396k(262648k free), swap 8387700k(3712k free)

vm_info: OpenJDK 64-Bit Server VM (25.152-b02) for windows-amd64 JRE (1.8.0_152-release-1024-b02), built by "builder" with MS VC++ 10.0 (VS2010)

time: Sun Jun 24 22:35:44 2018
elapsed time: 11 seconds (0d 0h 0m 11s)

